<?xml version="1.0" encoding="UTF-8"?>
<!-- Generated by org.testng.reporters.JUnitXMLReporter -->
<testsuite ignored="0" hostname="Shravan" failures="0" tests="3" name="Test" time="2.535" errors="0" timestamp="2021-11-08T16:23:59 CST">
  <testcase classname="allureReports.Tests" name="@BeforeClass setup" time="2.248">
    <failure type="java.lang.NullPointerException">
      <![CDATA[java.lang.NullPointerException
at allureReports.Tests.setup(Tests.java:41)
at java.base/java.util.ArrayList.forEach(ArrayList.java:1541)
... Removed 25 stack frames]]>
    </failure>
  </testcase> <!-- @BeforeClass setup -->
  <testcase classname="allureReports.Tests" name="@AfterClass tearDown" time="-1.636410238982E9">
    <skipped/>
  </testcase> <!-- @AfterClass tearDown -->
  <testcase classname="allureReports.Tests" name="logoPresence" time="0.0">
    <skipped/>
  </testcase> <!-- logoPresence -->
  <testcase classname="allureReports.Tests" name="loginTest" time="0.0">
    <skipped/>
  </testcase> <!-- loginTest -->
  <testcase classname="allureReports.Tests" name="registrationTest" time="0.0">
    <skipped/>
  </testcase> <!-- registrationTest -->
</testsuite> <!-- Test -->
